Build started 5/3/2016 12:33:28 PM.
     1>Project "A:\College\OOD\Project#4\final\final4\RemoteCodeMgmt\Sender\Sender.vcxproj" on node 2 (Rebuild target(s)).
     1>InitializeBuildStatus:
         Creating "Debug\Sender.tlog\unsuccessfulbuild" because "AlwaysCreate" was specified.
       ClCompile:
         C:\Program Files\Microsoft Visual Studio 12.0\VC\bin\CL.exe /c /ZI /nologo /W3 /WX- /sdl /Od /Oy- /D WIN32 /D _DEBUG /D _CONSOLE /D _LIB /D _UNICODE /D UNICODE /D TEST_SENDER /Gm /EHsc /RTC1 /MDd /GS /fp:precise /Zc:wchar_t /Zc:forScope /Fo"Debug\\" /Fd"Debug\vc120.pdb" /Gd /TP /analyze- /errorReport:prompt ..\ApplicationHelpers\AppHelpers.cpp ..\Executive\DataStore.cpp ..\Executive\FileManager.cpp ..\Message\Message.cpp ..\Receiver\FileSystem.cpp ..\Receiver\Receiver.cpp ..\Sockets\Sockets.cpp Sender.cpp
         Sender.cpp
         Sockets.cpp
         Receiver.cpp
         FileSystem.cpp
         Message.cpp
         FileManager.cpp
         DataStore.cpp
         AppHelpers.cpp
         Generating Code...
       Link:
         C:\Program Files\Microsoft Visual Studio 12.0\VC\bin\link.exe /ERRORREPORT:PROMPT /OUT:"A:\College\OOD\Project#4\final\final4\RemoteCodeMgmt\Debug\Sender.exe" /INCREMENTAL /NOLOGO kernel32.lib user32.lib gdi32.lib winspool.lib comdlg32.lib advapi32.lib shell32.lib ole32.lib oleaut32.lib uuid.lib odbc32.lib odbccp32.lib /MANIFEST /MANIFESTUAC:"level='asInvoker' uiAccess='false'" /manifest:embed /DEBUG /PDB:"A:\College\OOD\Project#4\final\final4\RemoteCodeMgmt\Debug\Sender.pdb" /SUBSYSTEM:CONSOLE /TLBID:1 /DYNAMICBASE /NXCOMPAT /IMPLIB:"A:\College\OOD\Project#4\final\final4\RemoteCodeMgmt\Debug\Sender.lib" /MACHINE:X86 Debug\AppHelpers.obj
         Debug\DataStore.obj
         Debug\FileManager.obj
         Debug\Message.obj
         Debug\FileSystem.obj
         Debug\Receiver.obj
         Debug\Sockets.obj
         Debug\Sender.obj
         Sender.vcxproj -> A:\College\OOD\Project#4\final\final4\RemoteCodeMgmt\Debug\Sender.exe
       FinalizeBuildStatus:
         Deleting file "Debug\Sender.tlog\unsuccessfulbuild".
         Touching "Debug\Sender.tlog\Sender.lastbuildstate".
     1>Done Building Project "A:\College\OOD\Project#4\final\final4\RemoteCodeMgmt\Sender\Sender.vcxproj" (Rebuild target(s)).

Build succeeded.

Time Elapsed 00:00:14.74
