a:\college\ood\project#4\final\final4\remotecodemgmt\mockchannel\debug\vc120.pdb
a:\college\ood\project#4\final\final4\remotecodemgmt\mockchannel\debug\vc120.idb
a:\college\ood\project#4\final\final4\remotecodemgmt\mockchannel\debug\apphelpers.obj
a:\college\ood\project#4\final\final4\remotecodemgmt\mockchannel\debug\blockingqueue.obj
a:\college\ood\project#4\final\final4\remotecodemgmt\mockchannel\debug\datastore.obj
a:\college\ood\project#4\final\final4\remotecodemgmt\mockchannel\debug\filemanager.obj
a:\college\ood\project#4\final\final4\remotecodemgmt\mockchannel\debug\message.obj
a:\college\ood\project#4\final\final4\remotecodemgmt\mockchannel\debug\filesystem.obj
a:\college\ood\project#4\final\final4\remotecodemgmt\mockchannel\debug\receiver.obj
a:\college\ood\project#4\final\final4\remotecodemgmt\mockchannel\debug\sender.obj
a:\college\ood\project#4\final\final4\remotecodemgmt\mockchannel\debug\sockets.obj
a:\college\ood\project#4\final\final4\remotecodemgmt\mockchannel\debug\mockchannel.obj
a:\college\ood\project#4\final\final4\remotecodemgmt\debug\mockchannel.ilk
a:\college\ood\project#4\final\final4\remotecodemgmt\debug\mockchannel.dll
a:\college\ood\project#4\final\final4\remotecodemgmt\debug\mockchannel.pdb
a:\college\ood\project#4\final\final4\remotecodemgmt\debug\mockchannel.lib
a:\college\ood\project#4\final\final4\remotecodemgmt\debug\mockchannel.exp
a:\college\ood\project#4\final\final4\remotecodemgmt\mockchannel\debug\mockchannel.tlog\cl.command.1.tlog
a:\college\ood\project#4\final\final4\remotecodemgmt\mockchannel\debug\mockchannel.tlog\cl.read.1.tlog
a:\college\ood\project#4\final\final4\remotecodemgmt\mockchannel\debug\mockchannel.tlog\cl.write.1.tlog
a:\college\ood\project#4\final\final4\remotecodemgmt\mockchannel\debug\mockchannel.tlog\link.command.1.tlog
a:\college\ood\project#4\final\final4\remotecodemgmt\mockchannel\debug\mockchannel.tlog\link.read.1.tlog
a:\college\ood\project#4\final\final4\remotecodemgmt\mockchannel\debug\mockchannel.tlog\link.write.1.tlog
a:\college\ood\project#4\final\final4\remotecodemgmt\mockchannel\debug\mockchannel.tlog\mockchannel.write.1u.tlog
