a:\college\ood\project#4\final\final4\remotecodemgmt\serverexecutive\debug\vc140.pdb
a:\college\ood\project#4\final\final4\remotecodemgmt\serverexecutive\debug\vc140.idb
a:\college\ood\project#4\final\final4\remotecodemgmt\serverexecutive\debug\apphelpers.obj
a:\college\ood\project#4\final\final4\remotecodemgmt\serverexecutive\debug\blockingqueue.obj
a:\college\ood\project#4\final\final4\remotecodemgmt\serverexecutive\debug\datastore.obj
a:\college\ood\project#4\final\final4\remotecodemgmt\serverexecutive\debug\filemanager.obj
a:\college\ood\project#4\final\final4\remotecodemgmt\serverexecutive\debug\message.obj
a:\college\ood\project#4\final\final4\remotecodemgmt\serverexecutive\debug\filesystem.obj
a:\college\ood\project#4\final\final4\remotecodemgmt\serverexecutive\debug\receiver.obj
a:\college\ood\project#4\final\final4\remotecodemgmt\serverexecutive\debug\sender.obj
a:\college\ood\project#4\final\final4\remotecodemgmt\serverexecutive\debug\sockets.obj
a:\college\ood\project#4\final\final4\remotecodemgmt\serverexecutive\debug\serverexecutive.obj
a:\college\ood\project#4\final\final4\remotecodemgmt\debug\serverexecutive.ilk
a:\college\ood\project#4\final\final4\remotecodemgmt\debug\serverexecutive.exe
a:\college\ood\project#4\final\final4\remotecodemgmt\debug\serverexecutive.pdb
a:\college\ood\project#4\final\final4\remotecodemgmt\serverexecutive\debug\serverexecutive.tlog\cl.command.1.tlog
a:\college\ood\project#4\final\final4\remotecodemgmt\serverexecutive\debug\serverexecutive.tlog\cl.read.1.tlog
a:\college\ood\project#4\final\final4\remotecodemgmt\serverexecutive\debug\serverexecutive.tlog\cl.write.1.tlog
a:\college\ood\project#4\final\final4\remotecodemgmt\serverexecutive\debug\serverexecutive.tlog\link.command.1.tlog
a:\college\ood\project#4\final\final4\remotecodemgmt\serverexecutive\debug\serverexecutive.tlog\link.read.1.tlog
a:\college\ood\project#4\final\final4\remotecodemgmt\serverexecutive\debug\serverexecutive.tlog\link.write.1.tlog
