Build started 5/3/2016 12:34:15 PM.
     1>Project "A:\College\OOD\Project#4\final\final4\RemoteCodeMgmt\ClientUI\ClientUI.vcxproj" on node 2 (Rebuild target(s)).
     1>InitializeBuildStatus:
         Touching "Debug\ClientUI.tlog\unsuccessfulbuild".
       GenerateTargetFrameworkMonikerAttribute:
       Skipping target "GenerateTargetFrameworkMonikerAttribute" because all output files are up-to-date with respect to the input files.
       ClCompile:
         C:\Program Files\Microsoft Visual Studio 12.0\VC\bin\CL.exe /c /AI"C:\Program Files\Reference Assemblies\Microsoft\Framework\.NETFramework\v4.0" /AI"C:\Program Files\Windows Kits\8.1\References\CommonConfiguration\Neutral" /Zi /clr /nologo /W3 /WX- /sdl /Od /Oy- /D WIN32 /D _DEBUG /D _CONSOLE /D _LIB /D _UNICODE /D UNICODE /D TEST_CLIENT /EHa /MDd /GS /fp:precise /Zc:wchar_t /Zc:forScope /Fo"Debug\\" /Fd"Debug\vc120.pdb" /TP /FU"C:\Program Files\Reference Assemblies\Microsoft\Framework\.NETFramework\v4.0\mscorlib.dll" /FU"C:\Program Files\Reference Assemblies\Microsoft\Framework\.NETFramework\v4.0\PresentationCore.dll" /FU"C:\Program Files\Reference Assemblies\Microsoft\Framework\.NETFramework\v4.0\PresentationFramework.dll" /FU"C:\Program Files\Reference Assemblies\Microsoft\Framework\.NETFramework\v4.0\System.Core.dll" /FU"C:\Program Files\Reference Assemblies\Microsoft\Framework\.NETFramework\v4.0\System.dll" /FU"C:\Program Files\Reference Assemblies\Microsoft\Framework\.NETFramework\v4.0\System.Windows.Forms.dll" /FU"C:\Program Files\Reference Assemblies\Microsoft\Framework\.NETFramework\v4.0\System.Windows.Presentation.dll" /FU"C:\Program Files\Reference Assemblies\Microsoft\Framework\.NETFramework\v4.0\WindowsBase.dll" /analyze- /errorReport:prompt /clr:nostdlib ..\Message\Message.cpp ClientUI.cpp
         Message.cpp
         ClientUI.cpp
         Generating Code...
         C:\Program Files\Microsoft Visual Studio 12.0\VC\bin\CL.exe /c /Zi /clr /nologo /W3 /WX- /sdl /Od /Oy- /D WIN32 /D _DEBUG /D _CONSOLE /D _LIB /D _UNICODE /D UNICODE /D TEST_CLIENT /EHa /MDd /GS /fp:precise /Zc:wchar_t /Zc:forScope /Fo"Debug\\" /Fd"Debug\vc120.pdb" /TP /analyze- /errorReport:prompt "C:\Users\ROHITHENGU\AppData\Local\Temp\.NETFramework,Version=v4.0.AssemblyAttributes.cpp"
         .NETFramework,Version=v4.0.AssemblyAttributes.cpp
       Link:
         C:\Program Files\Microsoft Visual Studio 12.0\VC\bin\link.exe /ERRORREPORT:PROMPT /OUT:"A:\College\OOD\Project#4\final\final4\RemoteCodeMgmt\Debug\ClientUI.exe" /INCREMENTAL /NOLOGO kernel32.lib user32.lib gdi32.lib winspool.lib comdlg32.lib advapi32.lib shell32.lib ole32.lib oleaut32.lib uuid.lib odbc32.lib odbccp32.lib /MANIFEST /MANIFESTUAC:"level='asInvoker' uiAccess='false'" /manifest:embed /DEBUG /PDB:"A:\College\OOD\Project#4\final\final4\RemoteCodeMgmt\Debug\ClientUI.pdb" /ASSEMBLYDEBUG /SUBSYSTEM:CONSOLE /TLBID:1 /DYNAMICBASE /FIXED:NO /NXCOMPAT /MACHINE:X86 Debug\Message.obj
         Debug\ClientUI.obj
         "Debug\.NETFramework,Version=v4.0.AssemblyAttributes.obj"
         "A:\College\OOD\Project#4\final\final4\RemoteCodeMgmt\Debug\MockChannel.lib"
         ClientUI.vcxproj -> A:\College\OOD\Project#4\final\final4\RemoteCodeMgmt\Debug\ClientUI.exe
       FinalizeBuildStatus:
         Deleting file "Debug\ClientUI.tlog\unsuccessfulbuild".
         Touching "Debug\ClientUI.tlog\ClientUI.lastbuildstate".
     1>Done Building Project "A:\College\OOD\Project#4\final\final4\RemoteCodeMgmt\ClientUI\ClientUI.vcxproj" (Rebuild target(s)).

Build succeeded.

Time Elapsed 00:00:05.85
